<?xml version="1.0" encoding="UTF-8"?>
<testsuite xmlns:xsi="http://www.w3.org/2001/XMLSchema-instance" xsi:noNamespaceSchemaLocation="https://maven.apache.org/surefire/maven-surefire-plugin/xsd/surefire-test-report.xsd" name="com.rainbowsea.seckill.test.MD5UtilTest" time="0.032" tests="1" errors="0" skipped="0" failures="0">
  <properties>
    <property name="sun.desktop" value="windows"/>
    <property name="awt.toolkit" value="sun.awt.windows.WToolkit"/>
    <property name="file.encoding.pkg" value="sun.io"/>
    <property name="java.specification.version" value="1.8"/>
    <property name="sun.cpu.isalist" value="amd64"/>
    <property name="sun.jnu.encoding" value="GBK"/>
    <property name="java.class.path" value="E:\Java\project\seckill\target\test-classes;E:\Java\project\seckill\target\classes;G:\devData\maven-repository\org\springframework\boot\spring-boot-starter-thymeleaf\2.5.4\spring-boot-starter-thymeleaf-2.5.4.jar;G:\devData\maven-repository\org\springframework\boot\spring-boot-starter\2.5.4\spring-boot-starter-2.5.4.jar;G:\devData\maven-repository\org\springframework\boot\spring-boot\2.5.4\spring-boot-2.5.4.jar;G:\devData\maven-repository\org\springframework\boot\spring-boot-starter-logging\2.5.4\spring-boot-starter-logging-2.5.4.jar;G:\devData\maven-repository\ch\qos\logback\logback-classic\1.2.5\logback-classic-1.2.5.jar;G:\devData\maven-repository\ch\qos\logback\logback-core\1.2.5\logback-core-1.2.5.jar;G:\devData\maven-repository\org\apache\logging\log4j\log4j-to-slf4j\2.14.1\log4j-to-slf4j-2.14.1.jar;G:\devData\maven-repository\org\apache\logging\log4j\log4j-api\2.14.1\log4j-api-2.14.1.jar;G:\devData\maven-repository\org\slf4j\jul-to-slf4j\1.7.32\jul-to-slf4j-1.7.32.jar;G:\devData\maven-repository\jakarta\annotation\jakarta.annotation-api\1.3.5\jakarta.annotation-api-1.3.5.jar;G:\devData\maven-repository\org\yaml\snakeyaml\1.28\snakeyaml-1.28.jar;G:\devData\maven-repository\org\thymeleaf\thymeleaf-spring5\3.0.12.RELEASE\thymeleaf-spring5-3.0.12.RELEASE.jar;G:\devData\maven-repository\org\thymeleaf\thymeleaf\3.0.12.RELEASE\thymeleaf-3.0.12.RELEASE.jar;G:\devData\maven-repository\org\attoparser\attoparser\2.0.5.RELEASE\attoparser-2.0.5.RELEASE.jar;G:\devData\maven-repository\org\unbescape\unbescape\1.1.6.RELEASE\unbescape-1.1.6.RELEASE.jar;G:\devData\maven-repository\org\slf4j\slf4j-api\1.7.32\slf4j-api-1.7.32.jar;G:\devData\maven-repository\org\thymeleaf\extras\thymeleaf-extras-java8time\3.0.4.RELEASE\thymeleaf-extras-java8time-3.0.4.RELEASE.jar;G:\devData\maven-repository\org\springframework\boot\spring-boot-starter-web\2.5.4\spring-boot-starter-web-2.5.4.jar;G:\devData\maven-repository\org\springframework\boot\spring-boot-starter-json\2.5.4\spring-boot-starter-json-2.5.4.jar;G:\devData\maven-repository\com\fasterxml\jackson\core\jackson-databind\2.12.4\jackson-databind-2.12.4.jar;G:\devData\maven-repository\com\fasterxml\jackson\core\jackson-annotations\2.12.4\jackson-annotations-2.12.4.jar;G:\devData\maven-repository\com\fasterxml\jackson\core\jackson-core\2.12.4\jackson-core-2.12.4.jar;G:\devData\maven-repository\com\fasterxml\jackson\datatype\jackson-datatype-jdk8\2.12.4\jackson-datatype-jdk8-2.12.4.jar;G:\devData\maven-repository\com\fasterxml\jackson\datatype\jackson-datatype-jsr310\2.12.4\jackson-datatype-jsr310-2.12.4.jar;G:\devData\maven-repository\com\fasterxml\jackson\module\jackson-module-parameter-names\2.12.4\jackson-module-parameter-names-2.12.4.jar;G:\devData\maven-repository\org\springframework\boot\spring-boot-starter-tomcat\2.5.4\spring-boot-starter-tomcat-2.5.4.jar;G:\devData\maven-repository\org\apache\tomcat\embed\tomcat-embed-core\9.0.52\tomcat-embed-core-9.0.52.jar;G:\devData\maven-repository\org\apache\tomcat\embed\tomcat-embed-el\9.0.52\tomcat-embed-el-9.0.52.jar;G:\devData\maven-repository\org\apache\tomcat\embed\tomcat-embed-websocket\9.0.52\tomcat-embed-websocket-9.0.52.jar;G:\devData\maven-repository\org\springframework\spring-web\5.3.9\spring-web-5.3.9.jar;G:\devData\maven-repository\org\springframework\spring-beans\5.3.9\spring-beans-5.3.9.jar;G:\devData\maven-repository\org\springframework\spring-webmvc\5.3.9\spring-webmvc-5.3.9.jar;G:\devData\maven-repository\org\springframework\spring-aop\5.3.9\spring-aop-5.3.9.jar;G:\devData\maven-repository\org\springframework\spring-context\5.3.9\spring-context-5.3.9.jar;G:\devData\maven-repository\org\springframework\spring-expression\5.3.9\spring-expression-5.3.9.jar;G:\devData\maven-repository\mysql\mysql-connector-java\8.0.26\mysql-connector-java-8.0.26.jar;G:\devData\maven-repository\org\projectlombok\lombok\1.18.20\lombok-1.18.20.jar;G:\devData\maven-repository\com\baomidou\mybatis-plus-boot-starter\3.4.0\mybatis-plus-boot-starter-3.4.0.jar;G:\devData\maven-repository\com\baomidou\mybatis-plus\3.4.0\mybatis-plus-3.4.0.jar;G:\devData\maven-repository\com\baomidou\mybatis-plus-extension\3.4.0\mybatis-plus-extension-3.4.0.jar;G:\devData\maven-repository\com\baomidou\mybatis-plus-core\3.4.0\mybatis-plus-core-3.4.0.jar;G:\devData\maven-repository\com\baomidou\mybatis-plus-annotation\3.4.0\mybatis-plus-annotation-3.4.0.jar;G:\devData\maven-repository\com\github\jsqlparser\jsqlparser\3.2\jsqlparser-3.2.jar;G:\devData\maven-repository\org\mybatis\mybatis\3.5.5\mybatis-3.5.5.jar;G:\devData\maven-repository\org\mybatis\mybatis-spring\2.0.5\mybatis-spring-2.0.5.jar;G:\devData\maven-repository\org\springframework\boot\spring-boot-autoconfigure\2.5.4\spring-boot-autoconfigure-2.5.4.jar;G:\devData\maven-repository\org\springframework\boot\spring-boot-starter-jdbc\2.5.4\spring-boot-starter-jdbc-2.5.4.jar;G:\devData\maven-repository\com\zaxxer\HikariCP\4.0.3\HikariCP-4.0.3.jar;G:\devData\maven-repository\org\springframework\spring-jdbc\5.3.9\spring-jdbc-5.3.9.jar;G:\devData\maven-repository\org\springframework\spring-tx\5.3.9\spring-tx-5.3.9.jar;G:\devData\maven-repository\org\springframework\boot\spring-boot-starter-test\2.5.4\spring-boot-starter-test-2.5.4.jar;G:\devData\maven-repository\org\springframework\boot\spring-boot-test\2.5.4\spring-boot-test-2.5.4.jar;G:\devData\maven-repository\org\springframework\boot\spring-boot-test-autoconfigure\2.5.4\spring-boot-test-autoconfigure-2.5.4.jar;G:\devData\maven-repository\com\jayway\jsonpath\json-path\2.5.0\json-path-2.5.0.jar;G:\devData\maven-repository\net\minidev\json-smart\2.4.7\json-smart-2.4.7.jar;G:\devData\maven-repository\net\minidev\accessors-smart\2.4.7\accessors-smart-2.4.7.jar;G:\devData\maven-repository\org\ow2\asm\asm\9.1\asm-9.1.jar;G:\devData\maven-repository\jakarta\xml\bind\jakarta.xml.bind-api\2.3.3\jakarta.xml.bind-api-2.3.3.jar;G:\devData\maven-repository\jakarta\activation\jakarta.activation-api\1.2.2\jakarta.activation-api-1.2.2.jar;G:\devData\maven-repository\org\assertj\assertj-core\3.19.0\assertj-core-3.19.0.jar;G:\devData\maven-repository\org\hamcrest\hamcrest\2.2\hamcrest-2.2.jar;G:\devData\maven-repository\org\junit\jupiter\junit-jupiter\5.7.2\junit-jupiter-5.7.2.jar;G:\devData\maven-repository\org\junit\jupiter\junit-jupiter-params\5.7.2\junit-jupiter-params-5.7.2.jar;G:\devData\maven-repository\org\junit\jupiter\junit-jupiter-engine\5.7.2\junit-jupiter-engine-5.7.2.jar;G:\devData\maven-repository\org\junit\platform\junit-platform-engine\1.7.2\junit-platform-engine-1.7.2.jar;G:\devData\maven-repository\org\mockito\mockito-core\3.9.0\mockito-core-3.9.0.jar;G:\devData\maven-repository\net\bytebuddy\byte-buddy\1.10.22\byte-buddy-1.10.22.jar;G:\devData\maven-repository\net\bytebuddy\byte-buddy-agent\1.10.22\byte-buddy-agent-1.10.22.jar;G:\devData\maven-repository\org\objenesis\objenesis\3.2\objenesis-3.2.jar;G:\devData\maven-repository\org\mockito\mockito-junit-jupiter\3.9.0\mockito-junit-jupiter-3.9.0.jar;G:\devData\maven-repository\org\skyscreamer\jsonassert\1.5.0\jsonassert-1.5.0.jar;G:\devData\maven-repository\com\vaadin\external\google\android-json\0.0.20131108.vaadin1\android-json-0.0.20131108.vaadin1.jar;G:\devData\maven-repository\org\springframework\spring-core\5.3.9\spring-core-5.3.9.jar;G:\devData\maven-repository\org\springframework\spring-jcl\5.3.9\spring-jcl-5.3.9.jar;G:\devData\maven-repository\org\springframework\spring-test\5.3.9\spring-test-5.3.9.jar;G:\devData\maven-repository\org\xmlunit\xmlunit-core\2.8.2\xmlunit-core-2.8.2.jar;G:\devData\maven-repository\commons-codec\commons-codec\1.15\commons-codec-1.15.jar;G:\devData\maven-repository\org\apache\commons\commons-lang3\3.11\commons-lang3-3.11.jar;G:\devData\maven-repository\org\junit\jupiter\junit-jupiter-api\5.7.2\junit-jupiter-api-5.7.2.jar;G:\devData\maven-repository\org\apiguardian\apiguardian-api\1.1.0\apiguardian-api-1.1.0.jar;G:\devData\maven-repository\org\opentest4j\opentest4j\1.2.0\opentest4j-1.2.0.jar;G:\devData\maven-repository\org\junit\platform\junit-platform-commons\1.7.2\junit-platform-commons-1.7.2.jar;G:\devData\maven-repository\org\springframework\boot\spring-boot-starter-validation\2.4.5\spring-boot-starter-validation-2.4.5.jar;G:\devData\maven-repository\org\glassfish\jakarta.el\3.0.3\jakarta.el-3.0.3.jar;G:\devData\maven-repository\org\hibernate\validator\hibernate-validator\6.2.0.Final\hibernate-validator-6.2.0.Final.jar;G:\devData\maven-repository\jakarta\validation\jakarta.validation-api\2.0.2\jakarta.validation-api-2.0.2.jar;G:\devData\maven-repository\org\jboss\logging\jboss-logging\3.4.2.Final\jboss-logging-3.4.2.Final.jar;G:\devData\maven-repository\com\fasterxml\classmate\1.5.1\classmate-1.5.1.jar;"/>
    <property name="java.vm.vendor" value="Oracle Corporation"/>
    <property name="sun.arch.data.model" value="64"/>
    <property name="user.variant" value=""/>
    <property name="java.vendor.url" value="http://java.oracle.com/"/>
    <property name="user.timezone" value="Asia/Shanghai"/>
    <property name="java.vm.specification.version" value="1.8"/>
    <property name="os.name" value="Windows 10"/>
    <property name="user.country" value="CN"/>
    <property name="sun.java.launcher" value="SUN_STANDARD"/>
    <property name="sun.boot.library.path" value="C:\Program Files\Java\jdk1.8.0_202\jre\bin"/>
    <property name="sun.java.command" value="C:\Users\huo\AppData\Local\Temp\surefire1681281850023003924\surefirebooter1722169950178506719.jar C:\Users\huo\AppData\Local\Temp\surefire1681281850023003924 2025-04-24T17-41-23_745-jvmRun1 surefire1428015875923737286tmp surefire_03363543165443164691tmp"/>
    <property name="surefire.test.class.path" value="E:\Java\project\seckill\target\test-classes;E:\Java\project\seckill\target\classes;G:\devData\maven-repository\org\springframework\boot\spring-boot-starter-thymeleaf\2.5.4\spring-boot-starter-thymeleaf-2.5.4.jar;G:\devData\maven-repository\org\springframework\boot\spring-boot-starter\2.5.4\spring-boot-starter-2.5.4.jar;G:\devData\maven-repository\org\springframework\boot\spring-boot\2.5.4\spring-boot-2.5.4.jar;G:\devData\maven-repository\org\springframework\boot\spring-boot-starter-logging\2.5.4\spring-boot-starter-logging-2.5.4.jar;G:\devData\maven-repository\ch\qos\logback\logback-classic\1.2.5\logback-classic-1.2.5.jar;G:\devData\maven-repository\ch\qos\logback\logback-core\1.2.5\logback-core-1.2.5.jar;G:\devData\maven-repository\org\apache\logging\log4j\log4j-to-slf4j\2.14.1\log4j-to-slf4j-2.14.1.jar;G:\devData\maven-repository\org\apache\logging\log4j\log4j-api\2.14.1\log4j-api-2.14.1.jar;G:\devData\maven-repository\org\slf4j\jul-to-slf4j\1.7.32\jul-to-slf4j-1.7.32.jar;G:\devData\maven-repository\jakarta\annotation\jakarta.annotation-api\1.3.5\jakarta.annotation-api-1.3.5.jar;G:\devData\maven-repository\org\yaml\snakeyaml\1.28\snakeyaml-1.28.jar;G:\devData\maven-repository\org\thymeleaf\thymeleaf-spring5\3.0.12.RELEASE\thymeleaf-spring5-3.0.12.RELEASE.jar;G:\devData\maven-repository\org\thymeleaf\thymeleaf\3.0.12.RELEASE\thymeleaf-3.0.12.RELEASE.jar;G:\devData\maven-repository\org\attoparser\attoparser\2.0.5.RELEASE\attoparser-2.0.5.RELEASE.jar;G:\devData\maven-repository\org\unbescape\unbescape\1.1.6.RELEASE\unbescape-1.1.6.RELEASE.jar;G:\devData\maven-repository\org\slf4j\slf4j-api\1.7.32\slf4j-api-1.7.32.jar;G:\devData\maven-repository\org\thymeleaf\extras\thymeleaf-extras-java8time\3.0.4.RELEASE\thymeleaf-extras-java8time-3.0.4.RELEASE.jar;G:\devData\maven-repository\org\springframework\boot\spring-boot-starter-web\2.5.4\spring-boot-starter-web-2.5.4.jar;G:\devData\maven-repository\org\springframework\boot\spring-boot-starter-json\2.5.4\spring-boot-starter-json-2.5.4.jar;G:\devData\maven-repository\com\fasterxml\jackson\core\jackson-databind\2.12.4\jackson-databind-2.12.4.jar;G:\devData\maven-repository\com\fasterxml\jackson\core\jackson-annotations\2.12.4\jackson-annotations-2.12.4.jar;G:\devData\maven-repository\com\fasterxml\jackson\core\jackson-core\2.12.4\jackson-core-2.12.4.jar;G:\devData\maven-repository\com\fasterxml\jackson\datatype\jackson-datatype-jdk8\2.12.4\jackson-datatype-jdk8-2.12.4.jar;G:\devData\maven-repository\com\fasterxml\jackson\datatype\jackson-datatype-jsr310\2.12.4\jackson-datatype-jsr310-2.12.4.jar;G:\devData\maven-repository\com\fasterxml\jackson\module\jackson-module-parameter-names\2.12.4\jackson-module-parameter-names-2.12.4.jar;G:\devData\maven-repository\org\springframework\boot\spring-boot-starter-tomcat\2.5.4\spring-boot-starter-tomcat-2.5.4.jar;G:\devData\maven-repository\org\apache\tomcat\embed\tomcat-embed-core\9.0.52\tomcat-embed-core-9.0.52.jar;G:\devData\maven-repository\org\apache\tomcat\embed\tomcat-embed-el\9.0.52\tomcat-embed-el-9.0.52.jar;G:\devData\maven-repository\org\apache\tomcat\embed\tomcat-embed-websocket\9.0.52\tomcat-embed-websocket-9.0.52.jar;G:\devData\maven-repository\org\springframework\spring-web\5.3.9\spring-web-5.3.9.jar;G:\devData\maven-repository\org\springframework\spring-beans\5.3.9\spring-beans-5.3.9.jar;G:\devData\maven-repository\org\springframework\spring-webmvc\5.3.9\spring-webmvc-5.3.9.jar;G:\devData\maven-repository\org\springframework\spring-aop\5.3.9\spring-aop-5.3.9.jar;G:\devData\maven-repository\org\springframework\spring-context\5.3.9\spring-context-5.3.9.jar;G:\devData\maven-repository\org\springframework\spring-expression\5.3.9\spring-expression-5.3.9.jar;G:\devData\maven-repository\mysql\mysql-connector-java\8.0.26\mysql-connector-java-8.0.26.jar;G:\devData\maven-repository\org\projectlombok\lombok\1.18.20\lombok-1.18.20.jar;G:\devData\maven-repository\com\baomidou\mybatis-plus-boot-starter\3.4.0\mybatis-plus-boot-starter-3.4.0.jar;G:\devData\maven-repository\com\baomidou\mybatis-plus\3.4.0\mybatis-plus-3.4.0.jar;G:\devData\maven-repository\com\baomidou\mybatis-plus-extension\3.4.0\mybatis-plus-extension-3.4.0.jar;G:\devData\maven-repository\com\baomidou\mybatis-plus-core\3.4.0\mybatis-plus-core-3.4.0.jar;G:\devData\maven-repository\com\baomidou\mybatis-plus-annotation\3.4.0\mybatis-plus-annotation-3.4.0.jar;G:\devData\maven-repository\com\github\jsqlparser\jsqlparser\3.2\jsqlparser-3.2.jar;G:\devData\maven-repository\org\mybatis\mybatis\3.5.5\mybatis-3.5.5.jar;G:\devData\maven-repository\org\mybatis\mybatis-spring\2.0.5\mybatis-spring-2.0.5.jar;G:\devData\maven-repository\org\springframework\boot\spring-boot-autoconfigure\2.5.4\spring-boot-autoconfigure-2.5.4.jar;G:\devData\maven-repository\org\springframework\boot\spring-boot-starter-jdbc\2.5.4\spring-boot-starter-jdbc-2.5.4.jar;G:\devData\maven-repository\com\zaxxer\HikariCP\4.0.3\HikariCP-4.0.3.jar;G:\devData\maven-repository\org\springframework\spring-jdbc\5.3.9\spring-jdbc-5.3.9.jar;G:\devData\maven-repository\org\springframework\spring-tx\5.3.9\spring-tx-5.3.9.jar;G:\devData\maven-repository\org\springframework\boot\spring-boot-starter-test\2.5.4\spring-boot-starter-test-2.5.4.jar;G:\devData\maven-repository\org\springframework\boot\spring-boot-test\2.5.4\spring-boot-test-2.5.4.jar;G:\devData\maven-repository\org\springframework\boot\spring-boot-test-autoconfigure\2.5.4\spring-boot-test-autoconfigure-2.5.4.jar;G:\devData\maven-repository\com\jayway\jsonpath\json-path\2.5.0\json-path-2.5.0.jar;G:\devData\maven-repository\net\minidev\json-smart\2.4.7\json-smart-2.4.7.jar;G:\devData\maven-repository\net\minidev\accessors-smart\2.4.7\accessors-smart-2.4.7.jar;G:\devData\maven-repository\org\ow2\asm\asm\9.1\asm-9.1.jar;G:\devData\maven-repository\jakarta\xml\bind\jakarta.xml.bind-api\2.3.3\jakarta.xml.bind-api-2.3.3.jar;G:\devData\maven-repository\jakarta\activation\jakarta.activation-api\1.2.2\jakarta.activation-api-1.2.2.jar;G:\devData\maven-repository\org\assertj\assertj-core\3.19.0\assertj-core-3.19.0.jar;G:\devData\maven-repository\org\hamcrest\hamcrest\2.2\hamcrest-2.2.jar;G:\devData\maven-repository\org\junit\jupiter\junit-jupiter\5.7.2\junit-jupiter-5.7.2.jar;G:\devData\maven-repository\org\junit\jupiter\junit-jupiter-params\5.7.2\junit-jupiter-params-5.7.2.jar;G:\devData\maven-repository\org\junit\jupiter\junit-jupiter-engine\5.7.2\junit-jupiter-engine-5.7.2.jar;G:\devData\maven-repository\org\junit\platform\junit-platform-engine\1.7.2\junit-platform-engine-1.7.2.jar;G:\devData\maven-repository\org\mockito\mockito-core\3.9.0\mockito-core-3.9.0.jar;G:\devData\maven-repository\net\bytebuddy\byte-buddy\1.10.22\byte-buddy-1.10.22.jar;G:\devData\maven-repository\net\bytebuddy\byte-buddy-agent\1.10.22\byte-buddy-agent-1.10.22.jar;G:\devData\maven-repository\org\objenesis\objenesis\3.2\objenesis-3.2.jar;G:\devData\maven-repository\org\mockito\mockito-junit-jupiter\3.9.0\mockito-junit-jupiter-3.9.0.jar;G:\devData\maven-repository\org\skyscreamer\jsonassert\1.5.0\jsonassert-1.5.0.jar;G:\devData\maven-repository\com\vaadin\external\google\android-json\0.0.20131108.vaadin1\android-json-0.0.20131108.vaadin1.jar;G:\devData\maven-repository\org\springframework\spring-core\5.3.9\spring-core-5.3.9.jar;G:\devData\maven-repository\org\springframework\spring-jcl\5.3.9\spring-jcl-5.3.9.jar;G:\devData\maven-repository\org\springframework\spring-test\5.3.9\spring-test-5.3.9.jar;G:\devData\maven-repository\org\xmlunit\xmlunit-core\2.8.2\xmlunit-core-2.8.2.jar;G:\devData\maven-repository\commons-codec\commons-codec\1.15\commons-codec-1.15.jar;G:\devData\maven-repository\org\apache\commons\commons-lang3\3.11\commons-lang3-3.11.jar;G:\devData\maven-repository\org\junit\jupiter\junit-jupiter-api\5.7.2\junit-jupiter-api-5.7.2.jar;G:\devData\maven-repository\org\apiguardian\apiguardian-api\1.1.0\apiguardian-api-1.1.0.jar;G:\devData\maven-repository\org\opentest4j\opentest4j\1.2.0\opentest4j-1.2.0.jar;G:\devData\maven-repository\org\junit\platform\junit-platform-commons\1.7.2\junit-platform-commons-1.7.2.jar;G:\devData\maven-repository\org\springframework\boot\spring-boot-starter-validation\2.4.5\spring-boot-starter-validation-2.4.5.jar;G:\devData\maven-repository\org\glassfish\jakarta.el\3.0.3\jakarta.el-3.0.3.jar;G:\devData\maven-repository\org\hibernate\validator\hibernate-validator\6.2.0.Final\hibernate-validator-6.2.0.Final.jar;G:\devData\maven-repository\jakarta\validation\jakarta.validation-api\2.0.2\jakarta.validation-api-2.0.2.jar;G:\devData\maven-repository\org\jboss\logging\jboss-logging\3.4.2.Final\jboss-logging-3.4.2.Final.jar;G:\devData\maven-repository\com\fasterxml\classmate\1.5.1\classmate-1.5.1.jar;"/>
    <property name="sun.cpu.endian" value="little"/>
    <property name="user.home" value="C:\Users\huo"/>
    <property name="user.language" value="zh"/>
    <property name="java.specification.vendor" value="Oracle Corporation"/>
    <property name="java.home" value="C:\Program Files\Java\jdk1.8.0_202\jre"/>
    <property name="basedir" value="E:\Java\project\seckill"/>
    <property name="file.separator" value="\"/>
    <property name="line.separator" value="&#10;"/>
    <property name="java.vm.specification.vendor" value="Oracle Corporation"/>
    <property name="java.specification.name" value="Java Platform API Specification"/>
    <property name="java.awt.graphicsenv" value="sun.awt.Win32GraphicsEnvironment"/>
    <property name="idea.version2020.1.3" value="true"/>
    <property name="surefire.real.class.path" value="C:\Users\huo\AppData\Local\Temp\surefire1681281850023003924\surefirebooter1722169950178506719.jar"/>
    <property name="sun.boot.class.path" value="C:\Program Files\Java\jdk1.8.0_202\jre\lib\resources.jar;C:\Program Files\Java\jdk1.8.0_202\jre\lib\rt.jar;C:\Program Files\Java\jdk1.8.0_202\jre\lib\sunrsasign.jar;C:\Program Files\Java\jdk1.8.0_202\jre\lib\jsse.jar;C:\Program Files\Java\jdk1.8.0_202\jre\lib\jce.jar;C:\Program Files\Java\jdk1.8.0_202\jre\lib\charsets.jar;C:\Program Files\Java\jdk1.8.0_202\jre\lib\jfr.jar;C:\Program Files\Java\jdk1.8.0_202\jre\classes"/>
    <property name="user.script" value=""/>
    <property name="sun.management.compiler" value="HotSpot 64-Bit Tiered Compilers"/>
    <property name="java.runtime.version" value="1.8.0_202-b08"/>
    <property name="user.name" value="huo"/>
    <property name="path.separator" value=";"/>
    <property name="os.version" value="10.0"/>
    <property name="java.endorsed.dirs" value="C:\Program Files\Java\jdk1.8.0_202\jre\lib\endorsed"/>
    <property name="java.runtime.name" value="Java(TM) SE Runtime Environment"/>
    <property name="file.encoding" value="GBK"/>
    <property name="java.vm.name" value="Java HotSpot(TM) 64-Bit Server VM"/>
    <property name="localRepository" value="G:\devData\maven-repository"/>
    <property name="java.vendor.url.bug" value="http://bugreport.sun.com/bugreport/"/>
    <property name="java.io.tmpdir" value="C:\Users\huo\AppData\Local\Temp\"/>
    <property name="java.version" value="1.8.0_202"/>
    <property name="user.dir" value="E:\Java\project\seckill"/>
    <property name="os.arch" value="amd64"/>
    <property name="java.vm.specification.name" value="Java Virtual Machine Specification"/>
    <property name="java.awt.printerjob" value="sun.awt.windows.WPrinterJob"/>
    <property name="sun.os.patch.level" value=""/>
    <property name="java.library.path" value="C:\Program Files\Java\jdk1.8.0_202\jre\bin;C:\windows\Sun\Java\bin;C:\windows\system32;C:\windows;G:\Apply\Xshell-6.0\;G:\Apply\Xftp-6\;C:\Program Files (x86)\Common Files\Oracle\Java\javapath;D:\MySQL\bin;C:\Program Files\Java\jdk1.8.0_202\bin;D:\VMware Workstation 16\bin\;C:\windows\system32;C:\windows;C:\windows\System32\Wbem;C:\windows\System32\WindowsPowerShell\v1.0\;C:\windows\System32\OpenSSH\;C:\Program Files (x86)\NVIDIA Corporation\PhysX\Common;C:\Program Files\NVIDIA Corporation\NVIDIA NvDLISR;C:\Program Files (x86)\Microsoft SQL Server\150\DTS\Binn\;D:\dev\tomcat8\bin;G:\dev\apache-maven-3.8.8\bin;G:\EasyShare\x86\;G:\EasyShare\x64\;G:\dev\geckodriver-v0.32.0-win64\;C:\Users\huo\AppData\Roaming\npm;D:\dev\node-v-18.20.4-x64\node_modules;G:\Apply\Altium Designer6.9\System;C:\Program Files (x86)\Altium Designer 6\System;g:\apply\eda\quartusii 9.0\quartus\bin;G:\dev\Vagrant2.2\bin;G:\dev\nodejs18\;G:\dev\nodejs18\node_global;G:\dev\nodejs18\node_global\node_modules\yarn\bin;G:\dev\nodejs18\node_global\bin;D:\Python37\Scripts\;D:\Python37\;C:\Users\huo\AppData\Local\Microsoft\WindowsApps;C:\Program Files\Azure Data Studio\bin;D:\VScode\Microsoft VS Code\bin;C:\Program Files\Java\jdk1.8.0_202\bin;G:\Apply\IntelliJ IDEA_2020\IntelliJ IDEA 2020.1.3\bin;D:\pycharm-community-2022.3.2\PyCharm Community Edition 2022.3.2\bin;D:\dev\node-v-18.20.4-x64\node_modules;C:\Users\huo\.cache\lm-studio\bin;C:\Users\huo\AppData\Local\Programs\EmEditor;g:\apply\eda\modelsimse.v6.0\win32;g:\apply\eda\modelsimse6\win32;g:\apply\eda\ModdelSimSE6.2\win32;C:\Users\huo\AppData\Roaming\npm;G:\dev\nodejs18\node_global;G:\dev\nodejs18\node_modules;;."/>
    <property name="java.vm.info" value="mixed mode"/>
    <property name="java.vendor" value="Oracle Corporation"/>
    <property name="java.vm.version" value="25.202-b08"/>
    <property name="java.ext.dirs" value="C:\Program Files\Java\jdk1.8.0_202\jre\lib\ext;C:\windows\Sun\Java\lib\ext"/>
    <property name="sun.io.unicode.encoding" value="UnicodeLittle"/>
    <property name="maven.repo.local" value="G:\devData\maven-repository"/>
    <property name="java.class.version" value="52.0"/>
  </properties>
  <testcase name="MD5Test" classname="com.rainbowsea.seckill.test.MD5UtilTest" time="0.028"/>
</testsuite>